Reading conf.toml
Start: Run wan2respack_pre.
Start: Run qe2respack
New style QE output XML file (data-file-schema.xml) is found.
loading ./work/sfo.save/data-file-schema.xml
num_k = 40
num_b = 128
eFermi = 0.3387091931960207
n_sym = 16
generating dir-wfn/dat.sample-k
generating dir-wfn/dat.lattice
generating dir-wfn/dat.bandcalc
generating dir-wfn/dat.nkm
generating dir-wfn/dat.eigenvalue
generating dir-wfn/dat.atom_position
generating dir-wfn/dat.symmetry
generating dir-wfn/dat.kg
generating dir-wfn/dat.wfn
End: Run qe2respack
Start: Run gen_mk
End: Run gen_mk
Generating nscf input for Wannier90, sfo.nscf_wannier.in, from sfo.nscf.in.
Generating win input for Wannier90, sfo.win, from sfo.win.ref.
Finish: Run wan2respack_pre.
 L1=          20
 L2=          20
 L3=          20
Reading conf.toml
Start: Run wan2respack_core.
Start: running qe2respack.
New style QE output XML file (data-file-schema.xml) is found.
loading ./work/sfo.save/data-file-schema.xml
num_k = 343
num_b = 128
eFermi = 0.3387091931960207
n_sym = 1
generating dir-wfn/dat.sample-k
generating dir-wfn/dat.lattice
generating dir-wfn/dat.bandcalc
generating dir-wfn/dat.nkm
generating dir-wfn/dat.eigenvalue
generating dir-wfn/dat.atom_position
generating dir-wfn/dat.symmetry
generating dir-wfn/dat.kg
generating dir-wfn/dat.wfn
Finish: running qe2respack.
Start: running /cluster/project/spaldin/wan2respack/1.0/bin/gen_wan.x.
Finish: running /cluster/project/spaldin/wan2respack/1.0/bin/gen_wan.x.
Finish: Run wan2respack_core.
